#
# There is insufficient memory for the Java Runtime Environment to continue.
# Native memory allocation (mmap) failed to map 134217728 bytes for G1 virtual space
# Possible reasons:
#   The system is out of physical RAM or swap space
#   The process is running with CompressedOops enabled, and the Java Heap may be blocking the growth of the native heap
# Possible solutions:
#   Reduce memory load on the system
#   Increase physical memory or swap space
#   Check if swap backing store is full
#   Decrease Java heap size (-Xmx/-Xms)
#   Decrease number of Java threads
#   Decrease Java thread stack sizes (-Xss)
#   Set larger code cache with -XX:ReservedCodeCacheSize=
#   JVM is running with Unscaled Compressed Oops mode in which the Java heap is
#     placed in the first 4GB address space. The Java Heap base address is the
#     maximum limit for the native heap growth. Please use -XX:HeapBaseMinAddress
#     to set the Java Heap base and to place the Java Heap above 4GB virtual address.
# This output file may be truncated or incomplete.
#
#  Out of Memory Error (./open/src/hotspot/os/windows/os_windows.cpp:3472), pid=24284, tid=23040
#
# JRE version:  (15.0.1+9) (build )
# Java VM: Java HotSpot(TM) 64-Bit Server VM (15.0.1+9-18, mixed mode, sharing, tiered, compressed oops, g1 gc, windows-amd64)
# No core dump will be written. Minidumps are not enabled by default on client versions of Windows
#

---------------  S U M M A R Y ------------

Command Line: -Dfile.encoding=UTF-8 -XX:+ShowCodeDetailsInExceptionMessages controller.Main

Host: Intel(R) Core(TM) i7-8565U CPU @ 1.80GHz, 8 cores, 7G,  Windows 10 , 64 bit Build 19041 (10.0.19041.662)
Time: Wed Feb 24 15:46:18 2021 SE Asia Standard Time elapsed time: 0.018349 seconds (0d 0h 0m 0s)

---------------  T H R E A D  ---------------

Current thread (0x000001fe67f40b00):  JavaThread "Unknown thread" [_thread_in_vm, id=23040, stack(0x0000000ff5b00000,0x0000000ff5c00000)]

Stack: [0x0000000ff5b00000,0x0000000ff5c00000]
Native frames: (J=compiled Java code, j=interpreted, Vv=VM code, C=native code)
V  [jvm.dll+0x62ae9a]
V  [jvm.dll+0x781389]
V  [jvm.dll+0x782ae3]
V  [jvm.dll+0x783143]
V  [jvm.dll+0x216265]
V  [jvm.dll+0x6281d9]
V  [jvm.dll+0x61cd15]
V  [jvm.dll+0x2d01fd]
V  [jvm.dll+0x2d0062]
V  [jvm.dll+0x2d603c]
V  [jvm.dll+0x325b2a]
V  [jvm.dll+0x3251f4]
V  [jvm.dll+0x2a717a]
V  [jvm.dll+0x2a8318]
V  [jvm.dll+0x75e101]
V  [jvm.dll+0x3343e4]
V  [jvm.dll+0x73e826]
V  [jvm.dll+0x3b7777]
V  [jvm.dll+0x3b9201]
C  [jli.dll+0x52fb]
C  [ucrtbase.dll+0x214c2]
C  [KERNEL32.DLL+0x17034]
C  [ntdll.dll+0x4d0d1]


---------------  P R O C E S S  ---------------

Threads class SMR info:
_java_thread_list=0x00007fffc3374ff0, length=0, elements={
}

Java Threads: ( => current thread )

Other Threads:
  0x000001fe67f7fe20 GCTaskThread "GC Thread#0" [stack: 0x0000000ff5c00000,0x0000000ff5d00000] [id=18620]
  0x000001fe67f924a0 ConcurrentGCThread "G1 Main Marker" [stack: 0x0000000ff5d00000,0x0000000ff5e00000] [id=14840]
  0x000001fe67f93090 ConcurrentGCThread "G1 Conc#0" [stack: 0x0000000ff5e00000,0x0000000ff5f00000] [id=7608]

[error occurred during error reporting (printing all threads), id 0xc0000005, EXCEPTION_ACCESS_VIOLATION (0xc0000005) at pc=0x00007fffc2b68047]

VM state: not at safepoint (not fully initialized)

VM Mutex/Monitor currently owned by a thread:  ([mutex/lock_event])
[0x000001fe67f3c7c0] Heap_lock - owner thread: 0x000001fe67f40b00

Heap address: 0x0000000081c00000, size: 2020 MB, Compressed Oops mode: 32-bit
CDS archive(s) mapped at: [0x0000000000000000-0x0000000000000000-0x0000000000000000), size 0, SharedBaseAddress: 0x0000000800000000, ArchiveRelocationMode: 0.
Narrow klass base: 0x0000000000000000, Narrow klass shift: 0, Narrow klass range: 0x0

Heap:
 garbage-first heap   total 131072K, used 0K [0x0000000081c00000, 0x0000000100000000)
  region size 1024K, 0 young (0K), 0 survivors (0K)
 Metaspace       used 0K, capacity 0K, committed 0K, reserved 0K
  class space    used 0K, capacity 0K, committed 0K, reserved 0K

Heap Regions: E=young(eden), S=young(survivor), O=old, HS=humongous(starts), HC=humongous(continues), CS=collection set, F=free, OA=open archive, CA=closed archive, TAMS=top-at-mark-start (previous, next)

Card table byte_map: [0x000001fe727c0000,0x000001fe72bc0000] _byte_map_base: 0x000001fe723b2000

Marking Bits (Prev, Next): (CMBitMap*) 0x000001fe67f80690, (CMBitMap*) 0x000001fe67f806d0
 Prev Bits: [0x000001fe72fc0000, 0x000001fe74f50000)
 Next Bits: [0x000001fe74f50000, 0x000001fe76ee0000)

GC Heap History (0 events):
No events

Deoptimization events (0 events):
No events

Classes unloaded (0 events):
No events

Classes redefined (0 events):
No events

Internal exceptions (0 events):
No events

Events (1 events):
Event: 0.011 Loaded shared library C:\Program Files\Java\jdk-15.0.1\bin\java.dll


Dynamic libraries:
0x00007ff78f1a0000 - 0x00007ff78f1af000 	C:\Program Files\Java\jdk-15.0.1\bin\javaw.exe
0x00007ff83f6d0000 - 0x00007ff83f8c6000 	C:\WINDOWS\SYSTEM32\ntdll.dll
0x00007ff83d8e0000 - 0x00007ff83d99d000 	C:\WINDOWS\System32\KERNEL32.DLL
0x00007ff83d2b0000 - 0x00007ff83d579000 	C:\WINDOWS\System32\KERNELBASE.dll
0x00007ff83d110000 - 0x00007ff83d210000 	C:\WINDOWS\System32\ucrtbase.dll
0x00007ff8348a0000 - 0x00007ff8348b8000 	C:\Program Files\Java\jdk-15.0.1\bin\jli.dll
0x00007ff8231e0000 - 0x00007ff8231f9000 	C:\Program Files\Java\jdk-15.0.1\bin\VCRUNTIME140.dll
0x00007ff83f190000 - 0x00007ff83f23c000 	C:\WINDOWS\System32\ADVAPI32.dll
0x00007ff83e750000 - 0x00007ff83e7ee000 	C:\WINDOWS\System32\msvcrt.dll
0x00007ff83f5f0000 - 0x00007ff83f68c000 	C:\WINDOWS\System32\sechost.dll
0x00007ff83dbb0000 - 0x00007ff83dcdb000 	C:\WINDOWS\System32\RPCRT4.dll
0x00007ff83e8a0000 - 0x00007ff83ea40000 	C:\WINDOWS\System32\USER32.dll
0x00007ff83d5d0000 - 0x00007ff83d5f2000 	C:\WINDOWS\System32\win32u.dll
0x00007ff83dce0000 - 0x00007ff83dd0a000 	C:\WINDOWS\System32\GDI32.dll
0x00007ff8328a0000 - 0x00007ff832b3b000 	C:\WINDOWS\WinSxS\amd64_microsoft.windows.common-controls_6595b64144ccf1df_6.0.19041.746_none_ca02b4b61b8320a4\COMCTL32.dll
0x00007ff83d000000 - 0x00007ff83d10b000 	C:\WINDOWS\System32\gdi32full.dll
0x00007ff83d210000 - 0x00007ff83d2ad000 	C:\WINDOWS\System32\msvcp_win.dll
0x00007ff833c90000 - 0x00007ff833c9a000 	C:\WINDOWS\SYSTEM32\VERSION.dll
0x00007ff83f410000 - 0x00007ff83f440000 	C:\WINDOWS\System32\IMM32.DLL
0x00007ff834770000 - 0x00007ff83477c000 	C:\Program Files\Java\jdk-15.0.1\bin\vcruntime140_1.dll
0x00007fffe99f0000 - 0x00007fffe9a81000 	C:\Program Files\Java\jdk-15.0.1\bin\msvcp140.dll
0x00007fffc28b0000 - 0x00007fffc340e000 	C:\Program Files\Java\jdk-15.0.1\bin\server\jvm.dll
0x00007ff83d850000 - 0x00007ff83d858000 	C:\WINDOWS\System32\PSAPI.DLL
0x00007ff8340c0000 - 0x00007ff8340e7000 	C:\WINDOWS\SYSTEM32\WINMM.dll
0x00007ff8234c0000 - 0x00007ff8234c9000 	C:\WINDOWS\SYSTEM32\WSOCK32.dll
0x00007ff83de40000 - 0x00007ff83deab000 	C:\WINDOWS\System32\WS2_32.dll
0x00007ff83b960000 - 0x00007ff83b972000 	C:\WINDOWS\SYSTEM32\kernel.appcore.dll
0x00007ff823460000 - 0x00007ff82346a000 	C:\Program Files\Java\jdk-15.0.1\bin\jimage.dll
0x00007ff837c20000 - 0x00007ff837e04000 	C:\WINDOWS\SYSTEM32\DBGHELP.DLL
0x00007ff8190f0000 - 0x00007ff81911c000 	C:\WINDOWS\SYSTEM32\dbgcore.DLL
0x00007ff83d600000 - 0x00007ff83d680000 	C:\WINDOWS\System32\bcryptPrimitives.dll
0x00007ff81f5a0000 - 0x00007ff81f5c5000 	C:\Program Files\Java\jdk-15.0.1\bin\java.dll

dbghelp: loaded successfully - version: 4.0.5 - missing functions: none
symbol engine: initialized successfully - sym options: 0x614 - pdb path: .;C:\Program Files\Java\jdk-15.0.1\bin;C:\WINDOWS\SYSTEM32;C:\WINDOWS\WinSxS\amd64_microsoft.windows.common-controls_6595b64144ccf1df_6.0.19041.746_none_ca02b4b61b8320a4;C:\Program Files\Java\jdk-15.0.1\bin\server

VM Arguments:
jvm_args: -Dfile.encoding=UTF-8 -XX:+ShowCodeDetailsInExceptionMessages 
java_command: controller.Main
java_class_path (initial): D:\LAPTRINHHUONGDOITUONG\GameCoCaro\bin
Launcher Type: SUN_STANDARD

[Global flags]
     intx CICompilerCount                          = 4                                         {product} {ergonomic}
     uint ConcGCThreads                            = 2                                         {product} {ergonomic}
     uint G1ConcRefinementThreads                  = 8                                         {product} {ergonomic}
   size_t G1HeapRegionSize                         = 1048576                                   {product} {ergonomic}
    uintx GCDrainStackTargetSize                   = 64                                        {product} {ergonomic}
   size_t InitialHeapSize                          = 134217728                                 {product} {ergonomic}
   size_t MarkStackSize                            = 4194304                                   {product} {ergonomic}
   size_t MaxHeapSize                              = 2118123520                                {product} {ergonomic}
   size_t MinHeapDeltaBytes                        = 1048576                                   {product} {ergonomic}
   size_t MinHeapSize                              = 8388608                                   {product} {ergonomic}
    uintx NonNMethodCodeHeapSize                   = 5839372                                {pd product} {ergonomic}
    uintx NonProfiledCodeHeapSize                  = 122909434                              {pd product} {ergonomic}
    uintx ProfiledCodeHeapSize                     = 122909434                              {pd product} {ergonomic}
    uintx ReservedCodeCacheSize                    = 251658240                              {pd product} {ergonomic}
     bool SegmentedCodeCache                       = true                                      {product} {ergonomic}
     bool ShowCodeDetailsInExceptionMessages       = true                                   {manageable} {command line}
   size_t SoftMaxHeapSize                          = 2118123520                             {manageable} {ergonomic}
     bool UseCompressedClassPointers               = true                                 {lp64_product} {ergonomic}
     bool UseCompressedOops                        = true                                 {lp64_product} {ergonomic}
     bool UseG1GC                                  = true                                      {product} {ergonomic}
     bool UseLargePagesIndividualAllocation        = false                                  {pd product} {ergonomic}

Logging:
Log output configuration:
 #0: stdout all=warning uptime,level,tags
 #1: stderr all=off uptime,level,tags

Environment Variables:
JAVA_HOME=C:\Program Files\Java\jdk-15.0.1
PATH=C:\Program Files\Common Files\Oracle\Java\javapath;C:\windows\system32;C:\windows;C:\windows\System32\Wbem;C:\windows\System32\WindowsPowerShell\v1.0\;C:\windows\System32\OpenSSH\;C:\Program Files (x86)\NVIDIA Corporation\PhysX\Common;C:\WINDOWS\system32;C:\WINDOWS;C:\WINDOWS\System32\Wbem;C:\WINDOWS\System32\WindowsPowerShell\v1.0\;C:\WINDOWS\System32\OpenSSH\;C:\Program Files (x86)\Microsoft SQL Server\100\Tools\Binn\;C:\Program Files\Microsoft SQL Server\100\Tools\Binn\;C:\Program Files\Microsoft SQL Server\100\DTS\Binn\;C:\Users\khuy2\.dnx\bin;C:\Program Files\Microsoft DNX\Dnvm\;C:\Program Files (x86)\Windows Kits\8.1\Windows Performance Toolkit\;"C:\Program Files\Java\jdk-15.0.1\bin;";;C:\WINDOWS\system32;C:\WINDOWS;C:\WINDOWS\System32\Wbem;C:\WINDOWS\System32\WindowsPowerShell\v1.0\;C:\WINDOWS\System32\OpenSSH\;C:\Program Files\Microsoft SQL Server\Client SDK\ODBC\170\Tools\Binn\;C:\Program Files (x86)\Microsoft SQL Server\150\Tools\Binn\;C:\Program Files\Microsoft SQL Server\150\Tools\Binn\;C:\Program Files\Microsoft SQL Server\150\DTS\Binn\;C:\Program Files (x86)\Microsoft SQL Server\150\DTS\Binn\;C:\Program Files\Azure Data Studio\bin;C:\Users\khuy2\AppData\Local\Programs\Python\Python39\Scripts\;C:\Users\khuy2\AppData\Local\Programs\Python\Python39\;C:\Users\khuy2\AppData\Local\Microsoft\WindowsApps;C:\Users\khuy2\AppData\Local\Programs\Microsoft VS Code\bin;C:\Users\khuy2\AppData\Local\GitHubDesktop\bin;;C:\Program Files\Azure Data Studio\bin
USERNAME=khuy2
OS=Windows_NT
PROCESSOR_IDENTIFIER=Intel64 Family 6 Model 142 Stepping 11, GenuineIntel



---------------  S Y S T E M  ---------------

OS:
 Windows 10 , 64 bit Build 19041 (10.0.19041.662)
OS uptime: 0 days 9:14 hours

CPU: total 8 (initial active 8) (4 cores per cpu, 2 threads per core) family 6 model 142 stepping 11 microcode 0xb8, cmov, cx8, fxsr, mmx, sse, sse2, sse3, ssse3, sse4.1, sse4.2, popcnt, vzeroupper, avx, avx2, aes, clmul, erms, 3dnowpref, lzcnt, ht, tsc, tscinvbit, bmi1, bmi2, adx, fma, clflush, clflushopt

Memory: 4k page, system-wide physical 8079M (2044M free)
TotalPageFile size 32655M (AvailPageFile size 83M)
current process WorkingSet (physical memory assigned to process): 10M, peak: 10M
current process commit charge ("private bytes"): 60M, peak: 188M

vm_info: Java HotSpot(TM) 64-Bit Server VM (15.0.1+9-18) for windows-amd64 JRE (15.0.1+9-18), built on Sep 15 2020 14:43:54 by "mach5one" with unknown MS VC++:1925

END.
