#
# There is insufficient memory for the Java Runtime Environment to continue.
# Native memory allocation (malloc) failed to allocate 98960 bytes for Chunk::new
# Possible reasons:
#   The system is out of physical RAM or swap space
#   The process is running with CompressedOops enabled, and the Java Heap may be blocking the growth of the native heap
# Possible solutions:
#   Reduce memory load on the system
#   Increase physical memory or swap space
#   Check if swap backing store is full
#   Decrease Java heap size (-Xmx/-Xms)
#   Decrease number of Java threads
#   Decrease Java thread stack sizes (-Xss)
#   Set larger code cache with -XX:ReservedCodeCacheSize=
#   JVM is running with Unscaled Compressed Oops mode in which the Java heap is
#     placed in the first 4GB address space. The Java Heap base address is the
#     maximum limit for the native heap growth. Please use -XX:HeapBaseMinAddress
#     to set the Java Heap base and to place the Java Heap above 4GB virtual address.
# This output file may be truncated or incomplete.
#
#  Out of Memory Error (./open/src/hotspot/share/memory/arena.cpp:195), pid=10336, tid=8856
#
# JRE version: Java(TM) SE Runtime Environment (15.0.1+9) (build 15.0.1+9-18)
# Java VM: Java HotSpot(TM) 64-Bit Server VM (15.0.1+9-18, mixed mode, sharing, tiered, compressed oops, g1 gc, windows-amd64)
# No core dump will be written. Minidumps are not enabled by default on client versions of Windows
#

---------------  S U M M A R Y ------------

Command Line: -Dfile.encoding=UTF-8 -XX:+ShowCodeDetailsInExceptionMessages controller.Main

Host: Intel(R) Core(TM) i7-8565U CPU @ 1.80GHz, 8 cores, 7G,  Windows 10 , 64 bit Build 19041 (10.0.19041.662)
Time: Thu Feb 25 15:33:09 2021 SE Asia Standard Time elapsed time: 0.057926 seconds (0d 0h 0m 0s)

---------------  T H R E A D  ---------------

Current thread (0x000001c43163f9e0):  JavaThread "main" [_thread_in_vm, id=8856, stack(0x00000083e0800000,0x00000083e0900000)]

Stack: [0x00000083e0800000,0x00000083e0900000]
Native frames: (J=compiled Java code, j=interpreted, Vv=VM code, C=native code)
V  [jvm.dll+0x62ae9a]
V  [jvm.dll+0x781389]
V  [jvm.dll+0x782ae3]
V  [jvm.dll+0x783143]
V  [jvm.dll+0x216265]
V  [jvm.dll+0x97efa]
V  [jvm.dll+0x985dc]
V  [jvm.dll+0x1c677f]
V  [jvm.dll+0x1c5580]
V  [jvm.dll+0x706143]
V  [jvm.dll+0x707b08]
V  [jvm.dll+0x70833d]
V  [jvm.dll+0x1c0127]
V  [jvm.dll+0x1b2d9a]
V  [jvm.dll+0x504cd8]
V  [jvm.dll+0x1c5670]
V  [jvm.dll+0x706143]
V  [jvm.dll+0x707b08]
V  [jvm.dll+0x70833d]
V  [jvm.dll+0x1c0127]
V  [jvm.dll+0x1b2d9a]
V  [jvm.dll+0x504cd8]
V  [jvm.dll+0x1c5670]
V  [jvm.dll+0x706143]
V  [jvm.dll+0x707b08]
V  [jvm.dll+0x70833d]
V  [jvm.dll+0x1c0127]
V  [jvm.dll+0x1b2d9a]
V  [jvm.dll+0x504cd8]
V  [jvm.dll+0x1c5670]
V  [jvm.dll+0x706143]
V  [jvm.dll+0x707b08]
V  [jvm.dll+0x70833d]
V  [jvm.dll+0x1c0127]
V  [jvm.dll+0x1b2d9a]
V  [jvm.dll+0x504cd8]
V  [jvm.dll+0x1c5670]
V  [jvm.dll+0x706143]
V  [jvm.dll+0x707b08]
V  [jvm.dll+0x3e0ae4]
C  [java.dll+0x19e9]

Java frames: (J=compiled Java code, j=interpreted, Vv=VM code)
j  java.lang.ClassLoader.findBootstrapClass(Ljava/lang/String;)Ljava/lang/Class;+0 java.base@15.0.1
j  java.lang.ClassLoader.findBootstrapClassOrNull(Ljava/lang/String;)Ljava/lang/Class;+12 java.base@15.0.1
j  java.lang.System$2.findBootstrapClassOrNull(Ljava/lang/ClassLoader;Ljava/lang/String;)Ljava/lang/Class;+2 java.base@15.0.1
j  jdk.internal.loader.ClassLoaders$BootClassLoader.loadClassOrNull(Ljava/lang/String;Z)Ljava/lang/Class;+5 java.base@15.0.1
j  jdk.internal.loader.BuiltinClassLoader.loadClassOrNull(Ljava/lang/String;)Ljava/lang/Class;+3 java.base@15.0.1
j  jdk.internal.loader.BuiltinClassLoader.loadClassOrNull(Ljava/lang/String;Z)Ljava/lang/Class;+66 java.base@15.0.1
j  jdk.internal.loader.BuiltinClassLoader.loadClass(Ljava/lang/String;Z)Ljava/lang/Class;+3 java.base@15.0.1
j  jdk.internal.loader.ClassLoaders$AppClassLoader.loadClass(Ljava/lang/String;Z)Ljava/lang/Class;+36 java.base@15.0.1
j  java.lang.ClassLoader.loadClass(Ljava/lang/String;)Ljava/lang/Class;+3 java.base@15.0.1
v  ~StubRoutines::call_stub
j  java.lang.ClassLoader.defineClass1(Ljava/lang/ClassLoader;Ljava/lang/String;[BIILjava/security/ProtectionDomain;Ljava/lang/String;)Ljava/lang/Class;+0 java.base@15.0.1
j  java.lang.ClassLoader.defineClass(Ljava/lang/String;[BIILjava/security/ProtectionDomain;)Ljava/lang/Class;+27 java.base@15.0.1
j  java.security.SecureClassLoader.defineClass(Ljava/lang/String;[BIILjava/security/CodeSource;)Ljava/lang/Class;+12 java.base@15.0.1
j  jdk.internal.loader.BuiltinClassLoader.defineClass(Ljava/lang/String;Ljdk/internal/loader/Resource;)Ljava/lang/Class;+117 java.base@15.0.1
j  jdk.internal.loader.BuiltinClassLoader.findClassOnClassPathOrNull(Ljava/lang/String;)Ljava/lang/Class;+37 java.base@15.0.1
j  jdk.internal.loader.BuiltinClassLoader.loadClassOrNull(Ljava/lang/String;Z)Ljava/lang/Class;+111 java.base@15.0.1
j  jdk.internal.loader.BuiltinClassLoader.loadClass(Ljava/lang/String;Z)Ljava/lang/Class;+3 java.base@15.0.1
j  jdk.internal.loader.ClassLoaders$AppClassLoader.loadClass(Ljava/lang/String;Z)Ljava/lang/Class;+36 java.base@15.0.1
j  java.lang.ClassLoader.loadClass(Ljava/lang/String;)Ljava/lang/Class;+3 java.base@15.0.1
v  ~StubRoutines::call_stub
j  controller.Main.main([Ljava/lang/String;)V+0
v  ~StubRoutines::call_stub

---------------  P R O C E S S  ---------------

Threads class SMR info:
_java_thread_list=0x000001c452f6d550, length=11, elements={
0x000001c43163f9e0, 0x000001c4520818f0, 0x000001c4520824c0, 0x000001c452098dc0,
0x000001c45209b790, 0x000001c45209c240, 0x000001c45209e030, 0x000001c4520a30e0,
0x000001c4520de6c0, 0x000001c452f616d0, 0x000001c452f6abd0
}

Java Threads: ( => current thread )
=>0x000001c43163f9e0 JavaThread "main" [_thread_in_vm, id=8856, stack(0x00000083e0800000,0x00000083e0900000)]
  0x000001c4520818f0 JavaThread "Reference Handler" daemon [_thread_blocked, id=11412, stack(0x00000083e0f00000,0x00000083e1000000)]
  0x000001c4520824c0 JavaThread "Finalizer" daemon [_thread_blocked, id=18232, stack(0x00000083e1000000,0x00000083e1100000)]
  0x000001c452098dc0 JavaThread "Signal Dispatcher" daemon [_thread_blocked, id=10568, stack(0x00000083e1100000,0x00000083e1200000)]
  0x000001c45209b790 JavaThread "Attach Listener" daemon [_thread_blocked, id=7500, stack(0x00000083e1200000,0x00000083e1300000)]
  0x000001c45209c240 JavaThread "Service Thread" daemon [_thread_blocked, id=14928, stack(0x00000083e1300000,0x00000083e1400000)]
  0x000001c45209e030 JavaThread "C2 CompilerThread0" daemon [_thread_blocked, id=11092, stack(0x00000083e1400000,0x00000083e1500000)]
  0x000001c4520a30e0 JavaThread "C1 CompilerThread0" daemon [_thread_blocked, id=10608, stack(0x00000083e1500000,0x00000083e1600000)]
  0x000001c4520de6c0 JavaThread "Sweeper thread" daemon [_thread_blocked, id=12864, stack(0x00000083e1600000,0x00000083e1700000)]
  0x000001c452f616d0 JavaThread "Notification Thread" daemon [_thread_blocked, id=10572, stack(0x00000083e1700000,0x00000083e1800000)]
  0x000001c452f6abd0 JavaThread "Common-Cleaner" daemon [_thread_blocked, id=19008, stack(0x00000083e1900000,0x00000083e1a00000)]

Other Threads:
  0x000001c45207e060 VMThread "VM Thread" [stack: 0x00000083e0e00000,0x00000083e0f00000] [id=16144]
  0x000001c452f6c180 WatcherThread [stack: 0x00000083e1800000,0x00000083e1900000] [id=9308]
  0x000001c43167faa0 GCTaskThread "GC Thread#0" [stack: 0x00000083e0900000,0x00000083e0a00000] [id=13308]
  0x000001c431691190 ConcurrentGCThread "G1 Main Marker" [stack: 0x00000083e0a00000,0x00000083e0b00000] [id=13544]
  0x000001c431692d90 ConcurrentGCThread "G1 Conc#0" [stack: 0x00000083e0b00000,0x00000083e0c00000] [id=13924]
  0x000001c43171cb50 ConcurrentGCThread "G1 Refine#0" [stack: 0x00000083e0c00000,0x00000083e0d00000] [id=8420]
  0x000001c43171d750 ConcurrentGCThread "G1 Young RemSet Sampling" [stack: 0x00000083e0d00000,0x00000083e0e00000] [id=22608]

Threads with active compile tasks:

VM state: not at safepoint (normal execution)

VM Mutex/Monitor currently owned by a thread: None

Heap address: 0x0000000081c00000, size: 2020 MB, Compressed Oops mode: 32-bit
CDS archive(s) mapped at: [0x0000000800000000-0x0000000800b50000-0x0000000800b50000), size 11862016, SharedBaseAddress: 0x0000000800000000, ArchiveRelocationMode: 0.
Compressed class space mapped at: 0x0000000800b50000-0x0000000840b50000, size: 1073741824
Narrow klass base: 0x0000000800000000, Narrow klass shift: 3, Narrow klass range: 0x100000000

GC Precious Log:
 CPUs: 8 total, 8 available
 Memory: 8079M
 Large Page Support: Disabled
 NUMA Support: Disabled
 Compressed Oops: Enabled (32-bit)
 Heap Region Size: 1M
 Heap Min Capacity: 8M
 Heap Initial Capacity: 128M
 Heap Max Capacity: 2020M
 Pre-touch: Disabled
 Parallel Workers: 8
 Concurrent Workers: 2
 Concurrent Refinement Workers: 8
 Periodic GC: Disabled

Heap:
 garbage-first heap   total 131072K, used 1024K [0x0000000081c00000, 0x0000000100000000)
  region size 1024K, 2 young (2048K), 0 survivors (0K)
 Metaspace       used 340K, capacity 726K, committed 1024K, reserved 1060864K
  class space    used 8K, capacity 386K, committed 512K, reserved 1048576K

Heap Regions: E=young(eden), S=young(survivor), O=old, HS=humongous(starts), HC=humongous(continues), CS=collection set, F=free, OA=open archive, CA=closed archive, TAMS=top-at-mark-start (previous, next)
|   0|0x0000000081c00000, 0x0000000081c00000, 0x0000000081d00000|  0%| F|  |TAMS 0x0000000081c00000, 0x0000000081c00000| Untracked 
|   1|0x0000000081d00000, 0x0000000081d00000, 0x0000000081e00000|  0%| F|  |TAMS 0x0000000081d00000, 0x0000000081d00000| Untracked 
|   2|0x0000000081e00000, 0x0000000081e00000, 0x0000000081f00000|  0%| F|  |TAMS 0x0000000081e00000, 0x0000000081e00000| Untracked 
|   3|0x0000000081f00000, 0x0000000081f00000, 0x0000000082000000|  0%| F|  |TAMS 0x0000000081f00000, 0x0000000081f00000| Untracked 
|   4|0x0000000082000000, 0x0000000082000000, 0x0000000082100000|  0%| F|  |TAMS 0x0000000082000000, 0x0000000082000000| Untracked 
|   5|0x0000000082100000, 0x0000000082100000, 0x0000000082200000|  0%| F|  |TAMS 0x0000000082100000, 0x0000000082100000| Untracked 
|   6|0x0000000082200000, 0x0000000082200000, 0x0000000082300000|  0%| F|  |TAMS 0x0000000082200000, 0x0000000082200000| Untracked 
|   7|0x0000000082300000, 0x0000000082300000, 0x0000000082400000|  0%| F|  |TAMS 0x0000000082300000, 0x0000000082300000| Untracked 
|   8|0x0000000082400000, 0x0000000082400000, 0x0000000082500000|  0%| F|  |TAMS 0x0000000082400000, 0x0000000082400000| Untracked 
|   9|0x0000000082500000, 0x0000000082500000, 0x0000000082600000|  0%| F|  |TAMS 0x0000000082500000, 0x0000000082500000| Untracked 
|  10|0x0000000082600000, 0x0000000082600000, 0x0000000082700000|  0%| F|  |TAMS 0x0000000082600000, 0x0000000082600000| Untracked 
|  11|0x0000000082700000, 0x0000000082700000, 0x0000000082800000|  0%| F|  |TAMS 0x0000000082700000, 0x0000000082700000| Untracked 
|  12|0x0000000082800000, 0x0000000082800000, 0x0000000082900000|  0%| F|  |TAMS 0x0000000082800000, 0x0000000082800000| Untracked 
|  13|0x0000000082900000, 0x0000000082900000, 0x0000000082a00000|  0%| F|  |TAMS 0x0000000082900000, 0x0000000082900000| Untracked 
|  14|0x0000000082a00000, 0x0000000082a00000, 0x0000000082b00000|  0%| F|  |TAMS 0x0000000082a00000, 0x0000000082a00000| Untracked 
|  15|0x0000000082b00000, 0x0000000082b00000, 0x0000000082c00000|  0%| F|  |TAMS 0x0000000082b00000, 0x0000000082b00000| Untracked 
|  16|0x0000000082c00000, 0x0000000082c00000, 0x0000000082d00000|  0%| F|  |TAMS 0x0000000082c00000, 0x0000000082c00000| Untracked 
|  17|0x0000000082d00000, 0x0000000082d00000, 0x0000000082e00000|  0%| F|  |TAMS 0x0000000082d00000, 0x0000000082d00000| Untracked 
|  18|0x0000000082e00000, 0x0000000082e00000, 0x0000000082f00000|  0%| F|  |TAMS 0x0000000082e00000, 0x0000000082e00000| Untracked 
|  19|0x0000000082f00000, 0x0000000082f00000, 0x0000000083000000|  0%| F|  |TAMS 0x0000000082f00000, 0x0000000082f00000| Untracked 
|  20|0x0000000083000000, 0x0000000083000000, 0x0000000083100000|  0%| F|  |TAMS 0x0000000083000000, 0x0000000083000000| Untracked 
|  21|0x0000000083100000, 0x0000000083100000, 0x0000000083200000|  0%| F|  |TAMS 0x0000000083100000, 0x0000000083100000| Untracked 
|  22|0x0000000083200000, 0x0000000083200000, 0x0000000083300000|  0%| F|  |TAMS 0x0000000083200000, 0x0000000083200000| Untracked 
|  23|0x0000000083300000, 0x0000000083300000, 0x0000000083400000|  0%| F|  |TAMS 0x0000000083300000, 0x0000000083300000| Untracked 
|  24|0x0000000083400000, 0x0000000083400000, 0x0000000083500000|  0%| F|  |TAMS 0x0000000083400000, 0x0000000083400000| Untracked 
|  25|0x0000000083500000, 0x0000000083500000, 0x0000000083600000|  0%| F|  |TAMS 0x0000000083500000, 0x0000000083500000| Untracked 
|  26|0x0000000083600000, 0x0000000083600000, 0x0000000083700000|  0%| F|  |TAMS 0x0000000083600000, 0x0000000083600000| Untracked 
|  27|0x0000000083700000, 0x0000000083700000, 0x0000000083800000|  0%| F|  |TAMS 0x0000000083700000, 0x0000000083700000| Untracked 
|  28|0x0000000083800000, 0x0000000083800000, 0x0000000083900000|  0%| F|  |TAMS 0x0000000083800000, 0x0000000083800000| Untracked 
|  29|0x0000000083900000, 0x0000000083900000, 0x0000000083a00000|  0%| F|  |TAMS 0x0000000083900000, 0x0000000083900000| Untracked 
|  30|0x0000000083a00000, 0x0000000083a00000, 0x0000000083b00000|  0%| F|  |TAMS 0x0000000083a00000, 0x0000000083a00000| Untracked 
|  31|0x0000000083b00000, 0x0000000083b00000, 0x0000000083c00000|  0%| F|  |TAMS 0x0000000083b00000, 0x0000000083b00000| Untracked 
|  32|0x0000000083c00000, 0x0000000083c00000, 0x0000000083d00000|  0%| F|  |TAMS 0x0000000083c00000, 0x0000000083c00000| Untracked 
|  33|0x0000000083d00000, 0x0000000083d00000, 0x0000000083e00000|  0%| F|  |TAMS 0x0000000083d00000, 0x0000000083d00000| Untracked 
|  34|0x0000000083e00000, 0x0000000083e00000, 0x0000000083f00000|  0%| F|  |TAMS 0x0000000083e00000, 0x0000000083e00000| Untracked 
|  35|0x0000000083f00000, 0x0000000083f00000, 0x0000000084000000|  0%| F|  |TAMS 0x0000000083f00000, 0x0000000083f00000| Untracked 
|  36|0x0000000084000000, 0x0000000084000000, 0x0000000084100000|  0%| F|  |TAMS 0x0000000084000000, 0x0000000084000000| Untracked 
|  37|0x0000000084100000, 0x0000000084100000, 0x0000000084200000|  0%| F|  |TAMS 0x0000000084100000, 0x0000000084100000| Untracked 
|  38|0x0000000084200000, 0x0000000084200000, 0x0000000084300000|  0%| F|  |TAMS 0x0000000084200000, 0x0000000084200000| Untracked 
|  39|0x0000000084300000, 0x0000000084300000, 0x0000000084400000|  0%| F|  |TAMS 0x0000000084300000, 0x0000000084300000| Untracked 
|  40|0x0000000084400000, 0x0000000084400000, 0x0000000084500000|  0%| F|  |TAMS 0x0000000084400000, 0x0000000084400000| Untracked 
|  41|0x0000000084500000, 0x0000000084500000, 0x0000000084600000|  0%| F|  |TAMS 0x0000000084500000, 0x0000000084500000| Untracked 
|  42|0x0000000084600000, 0x0000000084600000, 0x0000000084700000|  0%| F|  |TAMS 0x0000000084600000, 0x0000000084600000| Untracked 
|  43|0x0000000084700000, 0x0000000084700000, 0x0000000084800000|  0%| F|  |TAMS 0x0000000084700000, 0x0000000084700000| Untracked 
|  44|0x0000000084800000, 0x0000000084800000, 0x0000000084900000|  0%| F|  |TAMS 0x0000000084800000, 0x0000000084800000| Untracked 
|  45|0x0000000084900000, 0x0000000084900000, 0x0000000084a00000|  0%| F|  |TAMS 0x0000000084900000, 0x0000000084900000| Untracked 
|  46|0x0000000084a00000, 0x0000000084a00000, 0x0000000084b00000|  0%| F|  |TAMS 0x0000000084a00000, 0x0000000084a00000| Untracked 
|  47|0x0000000084b00000, 0x0000000084b00000, 0x0000000084c00000|  0%| F|  |TAMS 0x0000000084b00000, 0x0000000084b00000| Untracked 
|  48|0x0000000084c00000, 0x0000000084c00000, 0x0000000084d00000|  0%| F|  |TAMS 0x0000000084c00000, 0x0000000084c00000| Untracked 
|  49|0x0000000084d00000, 0x0000000084d00000, 0x0000000084e00000|  0%| F|  |TAMS 0x0000000084d00000, 0x0000000084d00000| Untracked 
|  50|0x0000000084e00000, 0x0000000084e00000, 0x0000000084f00000|  0%| F|  |TAMS 0x0000000084e00000, 0x0000000084e00000| Untracked 
|  51|0x0000000084f00000, 0x0000000084f00000, 0x0000000085000000|  0%| F|  |TAMS 0x0000000084f00000, 0x0000000084f00000| Untracked 
|  52|0x0000000085000000, 0x0000000085000000, 0x0000000085100000|  0%| F|  |TAMS 0x0000000085000000, 0x0000000085000000| Untracked 
|  53|0x0000000085100000, 0x0000000085100000, 0x0000000085200000|  0%| F|  |TAMS 0x0000000085100000, 0x0000000085100000| Untracked 
|  54|0x0000000085200000, 0x0000000085200000, 0x0000000085300000|  0%| F|  |TAMS 0x0000000085200000, 0x0000000085200000| Untracked 
|  55|0x0000000085300000, 0x0000000085300000, 0x0000000085400000|  0%| F|  |TAMS 0x0000000085300000, 0x0000000085300000| Untracked 
|  56|0x0000000085400000, 0x0000000085400000, 0x0000000085500000|  0%| F|  |TAMS 0x0000000085400000, 0x0000000085400000| Untracked 
|  57|0x0000000085500000, 0x0000000085500000, 0x0000000085600000|  0%| F|  |TAMS 0x0000000085500000, 0x0000000085500000| Untracked 
|  58|0x0000000085600000, 0x0000000085600000, 0x0000000085700000|  0%| F|  |TAMS 0x0000000085600000, 0x0000000085600000| Untracked 
|  59|0x0000000085700000, 0x0000000085700000, 0x0000000085800000|  0%| F|  |TAMS 0x0000000085700000, 0x0000000085700000| Untracked 
|  60|0x0000000085800000, 0x0000000085800000, 0x0000000085900000|  0%| F|  |TAMS 0x0000000085800000, 0x0000000085800000| Untracked 
|  61|0x0000000085900000, 0x0000000085900000, 0x0000000085a00000|  0%| F|  |TAMS 0x0000000085900000, 0x0000000085900000| Untracked 
|  62|0x0000000085a00000, 0x0000000085a00000, 0x0000000085b00000|  0%| F|  |TAMS 0x0000000085a00000, 0x0000000085a00000| Untracked 
|  63|0x0000000085b00000, 0x0000000085b00000, 0x0000000085c00000|  0%| F|  |TAMS 0x0000000085b00000, 0x0000000085b00000| Untracked 
|  64|0x0000000085c00000, 0x0000000085c00000, 0x0000000085d00000|  0%| F|  |TAMS 0x0000000085c00000, 0x0000000085c00000| Untracked 
|  65|0x0000000085d00000, 0x0000000085d00000, 0x0000000085e00000|  0%| F|  |TAMS 0x0000000085d00000, 0x0000000085d00000| Untracked 
|  66|0x0000000085e00000, 0x0000000085e00000, 0x0000000085f00000|  0%| F|  |TAMS 0x0000000085e00000, 0x0000000085e00000| Untracked 
|  67|0x0000000085f00000, 0x0000000085f00000, 0x0000000086000000|  0%| F|  |TAMS 0x0000000085f00000, 0x0000000085f00000| Untracked 
|  68|0x0000000086000000, 0x0000000086000000, 0x0000000086100000|  0%| F|  |TAMS 0x0000000086000000, 0x0000000086000000| Untracked 
|  69|0x0000000086100000, 0x0000000086100000, 0x0000000086200000|  0%| F|  |TAMS 0x0000000086100000, 0x0000000086100000| Untracked 
|  70|0x0000000086200000, 0x0000000086200000, 0x0000000086300000|  0%| F|  |TAMS 0x0000000086200000, 0x0000000086200000| Untracked 
|  71|0x0000000086300000, 0x0000000086300000, 0x0000000086400000|  0%| F|  |TAMS 0x0000000086300000, 0x0000000086300000| Untracked 
|  72|0x0000000086400000, 0x0000000086400000, 0x0000000086500000|  0%| F|  |TAMS 0x0000000086400000, 0x0000000086400000| Untracked 
|  73|0x0000000086500000, 0x0000000086500000, 0x0000000086600000|  0%| F|  |TAMS 0x0000000086500000, 0x0000000086500000| Untracked 
|  74|0x0000000086600000, 0x0000000086600000, 0x0000000086700000|  0%| F|  |TAMS 0x0000000086600000, 0x0000000086600000| Untracked 
|  75|0x0000000086700000, 0x0000000086700000, 0x0000000086800000|  0%| F|  |TAMS 0x0000000086700000, 0x0000000086700000| Untracked 
|  76|0x0000000086800000, 0x0000000086800000, 0x0000000086900000|  0%| F|  |TAMS 0x0000000086800000, 0x0000000086800000| Untracked 
|  77|0x0000000086900000, 0x0000000086900000, 0x0000000086a00000|  0%| F|  |TAMS 0x0000000086900000, 0x0000000086900000| Untracked 
|  78|0x0000000086a00000, 0x0000000086a00000, 0x0000000086b00000|  0%| F|  |TAMS 0x0000000086a00000, 0x0000000086a00000| Untracked 
|  79|0x0000000086b00000, 0x0000000086b00000, 0x0000000086c00000|  0%| F|  |TAMS 0x0000000086b00000, 0x0000000086b00000| Untracked 
|  80|0x0000000086c00000, 0x0000000086c00000, 0x0000000086d00000|  0%| F|  |TAMS 0x0000000086c00000, 0x0000000086c00000| Untracked 
|  81|0x0000000086d00000, 0x0000000086d00000, 0x0000000086e00000|  0%| F|  |TAMS 0x0000000086d00000, 0x0000000086d00000| Untracked 
|  82|0x0000000086e00000, 0x0000000086e00000, 0x0000000086f00000|  0%| F|  |TAMS 0x0000000086e00000, 0x0000000086e00000| Untracked 
|  83|0x0000000086f00000, 0x0000000086f00000, 0x0000000087000000|  0%| F|  |TAMS 0x0000000086f00000, 0x0000000086f00000| Untracked 
|  84|0x0000000087000000, 0x0000000087000000, 0x0000000087100000|  0%| F|  |TAMS 0x0000000087000000, 0x0000000087000000| Untracked 
|  85|0x0000000087100000, 0x0000000087100000, 0x0000000087200000|  0%| F|  |TAMS 0x0000000087100000, 0x0000000087100000| Untracked 
|  86|0x0000000087200000, 0x0000000087200000, 0x0000000087300000|  0%| F|  |TAMS 0x0000000087200000, 0x0000000087200000| Untracked 
|  87|0x0000000087300000, 0x0000000087300000, 0x0000000087400000|  0%| F|  |TAMS 0x0000000087300000, 0x0000000087300000| Untracked 
|  88|0x0000000087400000, 0x0000000087400000, 0x0000000087500000|  0%| F|  |TAMS 0x0000000087400000, 0x0000000087400000| Untracked 
|  89|0x0000000087500000, 0x0000000087500000, 0x0000000087600000|  0%| F|  |TAMS 0x0000000087500000, 0x0000000087500000| Untracked 
|  90|0x0000000087600000, 0x0000000087600000, 0x0000000087700000|  0%| F|  |TAMS 0x0000000087600000, 0x0000000087600000| Untracked 
|  91|0x0000000087700000, 0x0000000087700000, 0x0000000087800000|  0%| F|  |TAMS 0x0000000087700000, 0x0000000087700000| Untracked 
|  92|0x0000000087800000, 0x0000000087800000, 0x0000000087900000|  0%| F|  |TAMS 0x0000000087800000, 0x0000000087800000| Untracked 
|  93|0x0000000087900000, 0x0000000087900000, 0x0000000087a00000|  0%| F|  |TAMS 0x0000000087900000, 0x0000000087900000| Untracked 
|  94|0x0000000087a00000, 0x0000000087a00000, 0x0000000087b00000|  0%| F|  |TAMS 0x0000000087a00000, 0x0000000087a00000| Untracked 
|  95|0x0000000087b00000, 0x0000000087b00000, 0x0000000087c00000|  0%| F|  |TAMS 0x0000000087b00000, 0x0000000087b00000| Untracked 
|  96|0x0000000087c00000, 0x0000000087c00000, 0x0000000087d00000|  0%| F|  |TAMS 0x0000000087c00000, 0x0000000087c00000| Untracked 
|  97|0x0000000087d00000, 0x0000000087d00000, 0x0000000087e00000|  0%| F|  |TAMS 0x0000000087d00000, 0x0000000087d00000| Untracked 
|  98|0x0000000087e00000, 0x0000000087e00000, 0x0000000087f00000|  0%| F|  |TAMS 0x0000000087e00000, 0x0000000087e00000| Untracked 
|  99|0x0000000087f00000, 0x0000000087f00000, 0x0000000088000000|  0%| F|  |TAMS 0x0000000087f00000, 0x0000000087f00000| Untracked 
| 100|0x0000000088000000, 0x0000000088000000, 0x0000000088100000|  0%| F|  |TAMS 0x0000000088000000, 0x0000000088000000| Untracked 
| 101|0x0000000088100000, 0x0000000088100000, 0x0000000088200000|  0%| F|  |TAMS 0x0000000088100000, 0x0000000088100000| Untracked 
| 102|0x0000000088200000, 0x0000000088200000, 0x0000000088300000|  0%| F|  |TAMS 0x0000000088200000, 0x0000000088200000| Untracked 
| 103|0x0000000088300000, 0x0000000088300000, 0x0000000088400000|  0%| F|  |TAMS 0x0000000088300000, 0x0000000088300000| Untracked 
| 104|0x0000000088400000, 0x0000000088400000, 0x0000000088500000|  0%| F|  |TAMS 0x0000000088400000, 0x0000000088400000| Untracked 
| 105|0x0000000088500000, 0x0000000088500000, 0x0000000088600000|  0%| F|  |TAMS 0x0000000088500000, 0x0000000088500000| Untracked 
| 106|0x0000000088600000, 0x0000000088600000, 0x0000000088700000|  0%| F|  |TAMS 0x0000000088600000, 0x0000000088600000| Untracked 
| 107|0x0000000088700000, 0x0000000088700000, 0x0000000088800000|  0%| F|  |TAMS 0x0000000088700000, 0x0000000088700000| Untracked 
| 108|0x0000000088800000, 0x0000000088800000, 0x0000000088900000|  0%| F|  |TAMS 0x0000000088800000, 0x0000000088800000| Untracked 
| 109|0x0000000088900000, 0x0000000088900000, 0x0000000088a00000|  0%| F|  |TAMS 0x0000000088900000, 0x0000000088900000| Untracked 
| 110|0x0000000088a00000, 0x0000000088a00000, 0x0000000088b00000|  0%| F|  |TAMS 0x0000000088a00000, 0x0000000088a00000| Untracked 
| 111|0x0000000088b00000, 0x0000000088b00000, 0x0000000088c00000|  0%| F|  |TAMS 0x0000000088b00000, 0x0000000088b00000| Untracked 
| 112|0x0000000088c00000, 0x0000000088c00000, 0x0000000088d00000|  0%| F|  |TAMS 0x0000000088c00000, 0x0000000088c00000| Untracked 
| 113|0x0000000088d00000, 0x0000000088d00000, 0x0000000088e00000|  0%| F|  |TAMS 0x0000000088d00000, 0x0000000088d00000| Untracked 
| 114|0x0000000088e00000, 0x0000000088e00000, 0x0000000088f00000|  0%| F|  |TAMS 0x0000000088e00000, 0x0000000088e00000| Untracked 
| 115|0x0000000088f00000, 0x0000000088f00000, 0x0000000089000000|  0%| F|  |TAMS 0x0000000088f00000, 0x0000000088f00000| Untracked 
| 116|0x0000000089000000, 0x0000000089000000, 0x0000000089100000|  0%| F|  |TAMS 0x0000000089000000, 0x0000000089000000| Untracked 
| 117|0x0000000089100000, 0x0000000089100000, 0x0000000089200000|  0%| F|  |TAMS 0x0000000089100000, 0x0000000089100000| Untracked 
| 118|0x0000000089200000, 0x0000000089200000, 0x0000000089300000|  0%| F|  |TAMS 0x0000000089200000, 0x0000000089200000| Untracked 
| 119|0x0000000089300000, 0x0000000089300000, 0x0000000089400000|  0%| F|  |TAMS 0x0000000089300000, 0x0000000089300000| Untracked 
| 120|0x0000000089400000, 0x0000000089400000, 0x0000000089500000|  0%| F|  |TAMS 0x0000000089400000, 0x0000000089400000| Untracked 
| 121|0x0000000089500000, 0x0000000089500000, 0x0000000089600000|  0%| F|  |TAMS 0x0000000089500000, 0x0000000089500000| Untracked 
| 122|0x0000000089600000, 0x0000000089600000, 0x0000000089700000|  0%| F|  |TAMS 0x0000000089600000, 0x0000000089600000| Untracked 
| 123|0x0000000089700000, 0x0000000089700000, 0x0000000089800000|  0%| F|  |TAMS 0x0000000089700000, 0x0000000089700000| Untracked 
| 124|0x0000000089800000, 0x0000000089800000, 0x0000000089900000|  0%| F|  |TAMS 0x0000000089800000, 0x0000000089800000| Untracked 
| 125|0x0000000089900000, 0x0000000089900000, 0x0000000089a00000|  0%| F|  |TAMS 0x0000000089900000, 0x0000000089900000| Untracked 
| 126|0x0000000089a00000, 0x0000000089a764b8, 0x0000000089b00000| 46%| E|  |TAMS 0x0000000089a00000, 0x0000000089a00000| Complete 
| 127|0x0000000089b00000, 0x0000000089c00000, 0x0000000089c00000|100%| E|CS|TAMS 0x0000000089b00000, 0x0000000089b00000| Complete 

Card table byte_map: [0x000001c44aec0000,0x000001c44b2c0000] _byte_map_base: 0x000001c44aab2000

Marking Bits (Prev, Next): (CMBitMap*) 0x000001c431680310, (CMBitMap*) 0x000001c431680350
 Prev Bits: [0x000001c44b6c0000, 0x000001c44d650000)
 Next Bits: [0x000001c44d650000, 0x000001c44f5e0000)

Polling page: 0x000001c431720000

Metaspace:

Usage:
  Non-class:    340.00 KB capacity,   332.06 KB ( 98%) used,     7.31 KB (  2%) free+waste,   640 bytes ( <1%) overhead. 
      Class:    386.00 KB capacity,     8.15 KB (  2%) used,   377.73 KB ( 98%) free+waste,   128 bytes ( <1%) overhead. 
       Both:    726.00 KB capacity,   340.21 KB ( 47%) used,   385.04 KB ( 53%) free+waste,   768 bytes ( <1%) overhead. 

Virtual space:
  Non-class space:       12.00 MB reserved,     512.00 KB (  4%) committed 
      Class space:        1.00 GB reserved,     512.00 KB ( <1%) committed 
             Both:        1.01 GB reserved,       1.00 MB ( <1%) committed 

Chunk freelists:
   Non-Class:  44.00 KB
       Class:  0 bytes
        Both:  44.00 KB

MaxMetaspaceSize: 17179869184.00 GB
CompressedClassSpaceSize: 1.00 GB

CodeHeap 'non-profiled nmethods': size=120000Kb used=17Kb max_used=17Kb free=119982Kb
 bounds [0x000001c442b20000, 0x000001c442d90000, 0x000001c44a050000]
CodeHeap 'profiled nmethods': size=120000Kb used=89Kb max_used=89Kb free=119910Kb
 bounds [0x000001c43b5f0000, 0x000001c43b860000, 0x000001c442b20000]
CodeHeap 'non-nmethods': size=5760Kb used=1051Kb max_used=1065Kb free=4708Kb
 bounds [0x000001c43b050000, 0x000001c43b2c0000, 0x000001c43b5f0000]
 total_blobs=343 nmethods=70 adapters=186
 compilation: enabled
              stopped_count=0, restarted_count=0
 full_count=0

Compilation events (20 events):
Event: 0.049 Thread 0x000001c4520a30e0 nmethod 58 0x000001c442b23410 code [0x000001c442b235a0, 0x000001c442b23658]
Event: 0.049 Thread 0x000001c4520a30e0   62       3       java.util.HashMap::putIfAbsent (13 bytes)
Event: 0.049 Thread 0x000001c4520a30e0 nmethod 62 0x000001c43b602990 code [0x000001c43b602b40, 0x000001c43b602e38]
Event: 0.049 Thread 0x000001c4520a30e0   56       1       java.lang.module.ModuleDescriptor$Exports::targets (5 bytes)
Event: 0.049 Thread 0x000001c4520a30e0 nmethod 56 0x000001c442b23b10 code [0x000001c442b23ca0, 0x000001c442b23d58]
Event: 0.049 Thread 0x000001c4520a30e0   64       1       java.lang.Module::getDescriptor (5 bytes)
Event: 0.049 Thread 0x000001c4520a30e0 nmethod 64 0x000001c442b23e10 code [0x000001c442b23fa0, 0x000001c442b24058]
Event: 0.049 Thread 0x000001c4520a30e0   65       3       java.util.HashMap::resize (356 bytes)
Event: 0.050 Thread 0x000001c4520a30e0 nmethod 65 0x000001c43b602f90 code [0x000001c43b603240, 0x000001c43b604748]
Event: 0.050 Thread 0x000001c4520a30e0   68       3       java.util.ImmutableCollections$MapN::get (35 bytes)
Event: 0.050 Thread 0x000001c4520a30e0 nmethod 68 0x000001c43b604c10 code [0x000001c43b604de0, 0x000001c43b605158]
Event: 0.050 Thread 0x000001c4520a30e0   66       3       java.util.ImmutableCollections$Set12$1::next (95 bytes)
Event: 0.050 Thread 0x000001c4520a30e0 nmethod 66 0x000001c43b605290 code [0x000001c43b605440, 0x000001c43b6056a8]
Event: 0.050 Thread 0x000001c4520a30e0   67       3       java.util.ImmutableCollections$SetN::iterator (9 bytes)
Event: 0.050 Thread 0x000001c4520a30e0 nmethod 67 0x000001c43b605790 code [0x000001c43b605940, 0x000001c43b605ae8]
Event: 0.051 Thread 0x000001c4520a30e0   69       3       java.lang.StringUTF16::getChar (60 bytes)
Event: 0.051 Thread 0x000001c4520a30e0 nmethod 69 0x000001c43b605b90 code [0x000001c43b605d20, 0x000001c43b605e78]
Event: 0.052 Thread 0x000001c4520a30e0   70       3       java.lang.AbstractStringBuilder::ensureCapacityInternal (39 bytes)
Event: 0.052 Thread 0x000001c4520a30e0 nmethod 70 0x000001c43b605f90 code [0x000001c43b606140, 0x000001c43b606358]
Event: 0.053 Thread 0x000001c45209e030 nmethod 61 0x000001c442b24110 code [0x000001c442b242a0, 0x000001c442b24518]

GC Heap History (0 events):
No events

Deoptimization events (0 events):
No events

Classes unloaded (0 events):
No events

Classes redefined (0 events):
No events

Internal exceptions (0 events):
No events

Events (20 events):
Event: 0.051 loading class jdk/internal/loader/URLClassPath$FileLoader
Event: 0.052 loading class jdk/internal/loader/URLClassPath$FileLoader done
Event: 0.052 loading class jdk/internal/loader/URLClassPath$FileLoader$1
Event: 0.052 loading class jdk/internal/loader/URLClassPath$FileLoader$1 done
Event: 0.053 Thread 0x000001c452f6abd0 Thread added: 0x000001c452f6abd0
Event: 0.055 loading class javax/swing/JFrame
Event: 0.055 loading class javax/swing/WindowConstants
Event: 0.055 loading class javax/swing/WindowConstants done
Event: 0.055 loading class javax/accessibility/Accessible
Event: 0.055 loading class javax/accessibility/Accessible done
Event: 0.055 loading class javax/swing/RootPaneContainer
Event: 0.055 loading class javax/swing/RootPaneContainer done
Event: 0.055 loading class javax/swing/TransferHandler$HasGetTransferHandler
Event: 0.055 loading class javax/swing/TransferHandler$HasGetTransferHandler done
Event: 0.055 loading class java/awt/Frame
Event: 0.055 loading class java/awt/MenuContainer
Event: 0.055 loading class java/awt/MenuContainer done
Event: 0.055 loading class java/awt/Window
Event: 0.056 loading class java/awt/Container
Event: 0.057 loading class java/awt/Component


Dynamic libraries:
0x00007ff730b50000 - 0x00007ff730b5f000 	C:\Program Files\Java\jdk-15.0.1\bin\javaw.exe
0x00007ffb8c790000 - 0x00007ffb8c986000 	C:\WINDOWS\SYSTEM32\ntdll.dll
0x00007ffb8b860000 - 0x00007ffb8b91d000 	C:\WINDOWS\System32\KERNEL32.DLL
0x00007ffb89ed0000 - 0x00007ffb8a199000 	C:\WINDOWS\System32\KERNELBASE.dll
0x00007ffb8a6a0000 - 0x00007ffb8a7a0000 	C:\WINDOWS\System32\ucrtbase.dll
0x00007ffb76440000 - 0x00007ffb76459000 	C:\Program Files\Java\jdk-15.0.1\bin\VCRUNTIME140.dll
0x00007ffb7e4c0000 - 0x00007ffb7e4d8000 	C:\Program Files\Java\jdk-15.0.1\bin\jli.dll
0x00007ffb8a9e0000 - 0x00007ffb8aa8c000 	C:\WINDOWS\System32\ADVAPI32.dll
0x00007ffb8b070000 - 0x00007ffb8b10e000 	C:\WINDOWS\System32\msvcrt.dll
0x00007ffb8bbb0000 - 0x00007ffb8bc4c000 	C:\WINDOWS\System32\sechost.dll
0x00007ffb8c450000 - 0x00007ffb8c57b000 	C:\WINDOWS\System32\RPCRT4.dll
0x00007ffb8b990000 - 0x00007ffb8bb30000 	C:\WINDOWS\System32\USER32.dll
0x00007ffb6a5c0000 - 0x00007ffb6a85b000 	C:\WINDOWS\WinSxS\amd64_microsoft.windows.common-controls_6595b64144ccf1df_6.0.19041.746_none_ca02b4b61b8320a4\COMCTL32.dll
0x00007ffb8a390000 - 0x00007ffb8a3b2000 	C:\WINDOWS\System32\win32u.dll
0x00007ffb8be20000 - 0x00007ffb8be4a000 	C:\WINDOWS\System32\GDI32.dll
0x00007ffb8a250000 - 0x00007ffb8a35b000 	C:\WINDOWS\System32\gdi32full.dll
0x00007ffb8a600000 - 0x00007ffb8a69d000 	C:\WINDOWS\System32\msvcp_win.dll
0x00007ffb80680000 - 0x00007ffb8068a000 	C:\WINDOWS\SYSTEM32\VERSION.dll
0x00007ffb8be50000 - 0x00007ffb8be80000 	C:\WINDOWS\System32\IMM32.DLL
0x00007ffb824e0000 - 0x00007ffb824ec000 	C:\Program Files\Java\jdk-15.0.1\bin\vcruntime140_1.dll
0x00007ffb66d80000 - 0x00007ffb66e11000 	C:\Program Files\Java\jdk-15.0.1\bin\msvcp140.dll
0x00007ffb1a6e0000 - 0x00007ffb1b23e000 	C:\Program Files\Java\jdk-15.0.1\bin\server\jvm.dll
0x00007ffb8bb30000 - 0x00007ffb8bb38000 	C:\WINDOWS\System32\PSAPI.DLL
0x00007ffb81310000 - 0x00007ffb81319000 	C:\WINDOWS\SYSTEM32\WSOCK32.dll
0x00007ffb69a30000 - 0x00007ffb69a57000 	C:\WINDOWS\SYSTEM32\WINMM.dll
0x00007ffb8b920000 - 0x00007ffb8b98b000 	C:\WINDOWS\System32\WS2_32.dll
0x00007ffb887a0000 - 0x00007ffb887b2000 	C:\WINDOWS\SYSTEM32\kernel.appcore.dll
0x00007ffb76100000 - 0x00007ffb7610a000 	C:\Program Files\Java\jdk-15.0.1\bin\jimage.dll
0x00007ffb84b90000 - 0x00007ffb84d74000 	C:\WINDOWS\SYSTEM32\DBGHELP.DLL
0x00007ffb69c90000 - 0x00007ffb69cbc000 	C:\WINDOWS\SYSTEM32\dbgcore.DLL
0x00007ffb8a3c0000 - 0x00007ffb8a440000 	C:\WINDOWS\System32\bcryptPrimitives.dll
0x00007ffb75990000 - 0x00007ffb759b5000 	C:\Program Files\Java\jdk-15.0.1\bin\java.dll
0x00007ffb8b110000 - 0x00007ffb8b853000 	C:\WINDOWS\System32\SHELL32.dll
0x00007ffb84ed0000 - 0x00007ffb8565f000 	C:\WINDOWS\SYSTEM32\windows.storage.dll
0x00007ffb8abd0000 - 0x00007ffb8af26000 	C:\WINDOWS\System32\combase.dll
0x00007ffb89930000 - 0x00007ffb8995c000 	C:\WINDOWS\SYSTEM32\Wldp.dll
0x00007ffb8a920000 - 0x00007ffb8a9ce000 	C:\WINDOWS\System32\SHCORE.dll
0x00007ffb8af30000 - 0x00007ffb8af85000 	C:\WINDOWS\System32\shlwapi.dll
0x00007ffb89e00000 - 0x00007ffb89e26000 	C:\WINDOWS\SYSTEM32\profapi.dll

dbghelp: loaded successfully - version: 4.0.5 - missing functions: none
symbol engine: initialized successfully - sym options: 0x614 - pdb path: .;C:\Program Files\Java\jdk-15.0.1\bin;C:\WINDOWS\SYSTEM32;C:\WINDOWS\WinSxS\amd64_microsoft.windows.common-controls_6595b64144ccf1df_6.0.19041.746_none_ca02b4b61b8320a4;C:\Program Files\Java\jdk-15.0.1\bin\server

VM Arguments:
jvm_args: -Dfile.encoding=UTF-8 -XX:+ShowCodeDetailsInExceptionMessages 
java_command: controller.Main
java_class_path (initial): D:\LAPTRINHHUONGDOITUONG\GameCoCaro\bin
Launcher Type: SUN_STANDARD

[Global flags]
     intx CICompilerCount                          = 4                                         {product} {ergonomic}
     uint ConcGCThreads                            = 2                                         {product} {ergonomic}
     uint G1ConcRefinementThreads                  = 8                                         {product} {ergonomic}
   size_t G1HeapRegionSize                         = 1048576                                   {product} {ergonomic}
    uintx GCDrainStackTargetSize                   = 64                                        {product} {ergonomic}
   size_t InitialHeapSize                          = 134217728                                 {product} {ergonomic}
   size_t MarkStackSize                            = 4194304                                   {product} {ergonomic}
   size_t MaxHeapSize                              = 2118123520                                {product} {ergonomic}
   size_t MaxNewSize                               = 1270874112                                {product} {ergonomic}
   size_t MinHeapDeltaBytes                        = 1048576                                   {product} {ergonomic}
   size_t MinHeapSize                              = 8388608                                   {product} {ergonomic}
    uintx NonNMethodCodeHeapSize                   = 5839372                                {pd product} {ergonomic}
    uintx NonProfiledCodeHeapSize                  = 122909434                              {pd product} {ergonomic}
    uintx ProfiledCodeHeapSize                     = 122909434                              {pd product} {ergonomic}
    uintx ReservedCodeCacheSize                    = 251658240                              {pd product} {ergonomic}
     bool SegmentedCodeCache                       = true                                      {product} {ergonomic}
     bool ShowCodeDetailsInExceptionMessages       = true                                   {manageable} {command line}
   size_t SoftMaxHeapSize                          = 2118123520                             {manageable} {ergonomic}
     bool UseCompressedClassPointers               = true                                 {lp64_product} {ergonomic}
     bool UseCompressedOops                        = true                                 {lp64_product} {ergonomic}
     bool UseG1GC                                  = true                                      {product} {ergonomic}
     bool UseLargePagesIndividualAllocation        = false                                  {pd product} {ergonomic}

Logging:
Log output configuration:
 #0: stdout all=warning uptime,level,tags
 #1: stderr all=off uptime,level,tags

Environment Variables:
JAVA_HOME=C:\Program Files\Java\jdk-15.0.1
PATH=C:\Program Files\Common Files\Oracle\Java\javapath;C:\windows\system32;C:\windows;C:\windows\System32\Wbem;C:\windows\System32\WindowsPowerShell\v1.0\;C:\windows\System32\OpenSSH\;C:\Program Files (x86)\NVIDIA Corporation\PhysX\Common;C:\WINDOWS\system32;C:\WINDOWS;C:\WINDOWS\System32\Wbem;C:\WINDOWS\System32\WindowsPowerShell\v1.0\;C:\WINDOWS\System32\OpenSSH\;C:\Program Files (x86)\Microsoft SQL Server\100\Tools\Binn\;C:\Program Files\Microsoft SQL Server\100\Tools\Binn\;C:\Program Files\Microsoft SQL Server\100\DTS\Binn\;C:\Users\khuy2\.dnx\bin;C:\Program Files\Microsoft DNX\Dnvm\;C:\Program Files (x86)\Windows Kits\8.1\Windows Performance Toolkit\;"C:\Program Files\Java\jdk-15.0.1\bin;";;C:\WINDOWS\system32;C:\WINDOWS;C:\WINDOWS\System32\Wbem;C:\WINDOWS\System32\WindowsPowerShell\v1.0\;C:\WINDOWS\System32\OpenSSH\;C:\Program Files\Microsoft SQL Server\Client SDK\ODBC\170\Tools\Binn\;C:\Program Files (x86)\Microsoft SQL Server\150\Tools\Binn\;C:\Program Files\Microsoft SQL Server\150\Tools\Binn\;C:\Program Files\Microsoft SQL Server\150\DTS\Binn\;C:\Program Files (x86)\Microsoft SQL Server\150\DTS\Binn\;C:\Program Files\Azure Data Studio\bin;C:\Users\khuy2\AppData\Local\Programs\Python\Python39\Scripts\;C:\Users\khuy2\AppData\Local\Programs\Python\Python39\;C:\Users\khuy2\AppData\Local\Microsoft\WindowsApps;C:\Users\khuy2\AppData\Local\Programs\Microsoft VS Code\bin;C:\Users\khuy2\AppData\Local\GitHubDesktop\bin;;C:\Program Files\Azure Data Studio\bin
USERNAME=khuy2
OS=Windows_NT
PROCESSOR_IDENTIFIER=Intel64 Family 6 Model 142 Stepping 11, GenuineIntel



---------------  S Y S T E M  ---------------

OS:
 Windows 10 , 64 bit Build 19041 (10.0.19041.662)
OS uptime: 0 days 5:55 hours

CPU: total 8 (initial active 8) (4 cores per cpu, 2 threads per core) family 6 model 142 stepping 11 microcode 0xb8, cmov, cx8, fxsr, mmx, sse, sse2, sse3, ssse3, sse4.1, sse4.2, popcnt, vzeroupper, avx, avx2, aes, clmul, erms, 3dnowpref, lzcnt, ht, tsc, tscinvbit, bmi1, bmi2, adx, fma, clflush, clflushopt

Memory: 4k page, system-wide physical 8079M (1266M free)
TotalPageFile size 32655M (AvailPageFile size 20M)
current process WorkingSet (physical memory assigned to process): 27M, peak: 27M
current process commit charge ("private bytes"): 210M, peak: 210M

vm_info: Java HotSpot(TM) 64-Bit Server VM (15.0.1+9-18) for windows-amd64 JRE (15.0.1+9-18), built on Sep 15 2020 14:43:54 by "mach5one" with unknown MS VC++:1925

END.
